# JRE version: Java(TM) SE Runtime Environment (9.0+11) (build 9.0.1+11)
# Java VM: Java HotSpot(TM) 64-Bit Server VM (9.0.1+11, mixed mode, tiered, compressed oops, g1 gc, bsd-amd64)
Heap:
 garbage-first heap   total 131072K, used 64088K [0x0000000740000000, 0x0000000740100400, 0x00000007c0000000)
  region size 1024K, 7 young (7168K), 1 survivors (1024K)
 Metaspace       used 6416K, capacity 6550K, committed 6784K, reserved 1056768K
  class space    used 523K, capacity 549K, committed 640K, reserved 1048576K
GC Heap History (10 events):
Event: 55991.972 GC heap before
{Heap before GC invocations=1056 (full 0):
 garbage-first heap   total 131072K, used 115135K [0x0000000740000000, 0x0000000740100400, 0x00000007c0000000)
  region size 1024K, 56 young (57344K), 1 survivors (1024K)
 Metaspace       used 6416K, capacity 6550K, committed 6784K, reserved 1056768K
  class space    used 523K, capacity 549K, committed 640K, reserved 1048576K
}
Event: 55991.974 GC heap after
{Heap after GC invocations=1057 (full 0):
 garbage-first heap   total 131072K, used 58835K [0x0000000740000000, 0x0000000740100400, 0x00000007c0000000)
  region size 1024K, 1 young (1024K), 1 survivors (1024K)
 Metaspace       used 6416K, capacity 6550K, committed 6784K, reserved 1056768K
  class space    used 523K, capacity 549K, committed 640K, reserved 1048576K
}
Event: 55997.850 GC heap before
{Heap before GC invocations=1057 (full 0):
 garbage-first heap   total 131072K, used 115155K [0x0000000740000000, 0x0000000740100400, 0x00000007c0000000)
  region size 1024K, 56 young (57344K), 1 survivors (1024K)
 Metaspace       used 6416K, capacity 6550K, committed 6784K, reserved 1056768K
  class space    used 523K, capacity 549K, committed 640K, reserved 1048576K
}
Event: 55997.852 GC heap after
{Heap after GC invocations=1058 (full 0):
 garbage-first heap   total 131072K, used 58864K [0x0000000740000000, 0x0000000740100400, 0x00000007c0000000)
  region size 1024K, 1 young (1024K), 1 survivors (1024K)
 Metaspace       used 6416K, capacity 6550K, committed 6784K, reserved 1056768K
  class space    used 523K, capacity 549K, committed 640K, reserved 1048576K
}
Event: 56003.648 GC heap before
{Heap before GC invocations=1058 (full 0):
 garbage-first heap   total 131072K, used 115184K [0x0000000740000000, 0x0000000740100400, 0x00000007c0000000)
  region size 1024K, 56 young (57344K), 1 survivors (1024K)
 Metaspace       used 6416K, capacity 6550K, committed 6784K, reserved 1056768K
  class space    used 523K, capacity 549K, committed 640K, reserved 1048576K
}
Event: 56003.658 GC heap after
{Heap after GC invocations=1059 (full 0):
 garbage-first heap   total 131072K, used 58892K [0x0000000740000000, 0x0000000740100400, 0x00000007c0000000)
  region size 1024K, 1 young (1024K), 1 survivors (1024K)
 Metaspace       used 6416K, capacity 6550K, committed 6784K, reserved 1056768K
  class space    used 523K, capacity 549K, committed 640K, reserved 1048576K
}
Event: 56009.480 GC heap before
{Heap before GC invocations=1059 (full 0):
 garbage-first heap   total 131072K, used 115212K [0x0000000740000000, 0x0000000740100400, 0x00000007c0000000)
  region size 1024K, 56 young (57344K), 1 survivors (1024K)
 Metaspace       used 6416K, capacity 6550K, committed 6784K, reserved 1056768K
  class space    used 523K, capacity 549K, committed 640K, reserved 1048576K
}
Event: 56009.482 GC heap after
{Heap after GC invocations=1060 (full 0):
 garbage-first heap   total 131072K, used 58917K [0x0000000740000000, 0x0000000740100400, 0x00000007c0000000)
  region size 1024K, 1 young (1024K), 1 survivors (1024K)
 Metaspace       used 6416K, capacity 6550K, committed 6784K, reserved 1056768K
  class space    used 523K, capacity 549K, committed 640K, reserved 1048576K
}
Event: 56015.274 GC heap before
{Heap before GC invocations=1060 (full 0):
 garbage-first heap   total 131072K, used 114213K [0x0000000740000000, 0x0000000740100400, 0x00000007c0000000)
  region size 1024K, 55 young (56320K), 1 survivors (1024K)
 Metaspace       used 6416K, capacity 6550K, committed 6784K, reserved 1056768K
  class space    used 523K, capacity 549K, committed 640K, reserved 1048576K
}
Event: 56015.277 GC heap after
{Heap after GC invocations=1061 (full 0):
 garbage-first heap   total 131072K, used 58968K [0x0000000740000000, 0x0000000740100400, 0x00000007c0000000)
  region size 1024K, 1 young (1024K), 1 survivors (1024K)
 Metaspace       used 6416K, capacity 6550K, committed 6784K, reserved 1056768K
  class space    used 523K, capacity 549K, committed 640K, reserved 1048576K
}

